<?xml version="1.0" encoding="UTF-8"?>
<testsuite name="org.example.AppTest" tests="1" skipped="0" failures="0" errors="0" timestamp="2025-10-17T12:19:34.236Z" hostname="miage-210-017.dmiage.parisnanterre.fr" time="0.017">
  <properties/>
  <testcase name="appHasAGreeting()" classname="org.example.AppTest" time="0.017"/>
  <system-out><![CDATA[]]></system-out>
  <system-err><![CDATA[]]></system-err>
</testsuite>
